<?xml version="1.0" encoding="UTF-8"?>
<!-- Generated by org.testng.reporters.JUnitReportReporter -->
<testsuite hostname="NODE58" name="selenium.DataDrivenApproach" tests="1" failures="0" timestamp="29 Oct 2014 13:21:42 GMT" time="8.241" errors="0">
  <testcase name="usingExcelData" time="8.241" classname="selenium.DataDrivenApproach"/>
</testsuite> <!-- selenium.DataDrivenApproach -->
