<?xml version="1.0" encoding="UTF-8"?>
<!-- Generated by org.testng.reporters.JUnitReportReporter -->
<testsuite hostname="NODE58" name="selenium.SeleniumTest" tests="2" failures="0" timestamp="17 Oct 2014 08:29:08 GMT" time="0.011" errors="0">
  <testcase name="test1" time="0.010" classname="selenium.SeleniumTest"/>
  <testcase name="test2" time="0.001" classname="selenium.SeleniumTest"/>
</testsuite> <!-- selenium.SeleniumTest -->
