<?xml version="1.0" encoding="UTF-8"?>
<!-- Generated by org.testng.reporters.JUnitReportReporter -->
<testsuite hostname="NODE58" name="selenium.SeleniumRegressionSuite" tests="2" failures="0" timestamp="16 Oct 2014 14:53:32 GMT" time="0.007" errors="0">
  <testcase name="test1" time="0.004" classname="selenium.SeleniumRegressionSuite"/>
  <testcase name="test2" time="0.003" classname="selenium.SeleniumRegressionSuite"/>
</testsuite> <!-- selenium.SeleniumRegressionSuite -->
