<?xml version="1.0" encoding="UTF-8"?>
<!-- Generated by org.testng.reporters.JUnitReportReporter -->
<testsuite hostname="NODE58" name="selenium.Google1" tests="1" failures="0" timestamp="28 Oct 2014 05:49:14 GMT" time="17.971" errors="0">
  <testcase name="acceptAlert" time="17.971" classname="selenium.Google1"/>
</testsuite> <!-- selenium.Google1 -->
