<?xml version="1.0" encoding="UTF-8"?>
<!-- Generated by org.testng.reporters.JUnitReportReporter -->
<testsuite hostname="NODE58" name="selenium.Macys21Oct" tests="1" failures="0" timestamp="27 Oct 2014 05:16:05 GMT" time="49.192" errors="0">
  <testcase name="createProfile" time="49.192" classname="selenium.Macys21Oct"/>
</testsuite> <!-- selenium.Macys21Oct -->
