<?xml version="1.0" encoding="UTF-8"?>
<!-- Generated by org.testng.reporters.JUnitReportReporter -->
<testsuite hostname="NODE58" name="selenium.SeleniumDifferentTestCaseSuite" tests="2" failures="0" timestamp="16 Oct 2014 14:53:32 GMT" time="44.041" errors="0">
  <testcase name="masycTestCase" time="30.421" classname="selenium.SeleniumDifferentTestCaseSuite"/>
  <testcase name="seleniumIDE" time="13.620" classname="selenium.SeleniumDifferentTestCaseSuite"/>
</testsuite> <!-- selenium.SeleniumDifferentTestCaseSuite -->
