<?xml version="1.0" encoding="UTF-8"?>
<!-- Generated by org.testng.reporters.JUnitReportReporter -->
<testsuite hostname="NODE58" name="selenium.DelhiToJaipur" tests="1" failures="0" timestamp="29 Oct 2014 04:18:57 GMT" time="41.253" errors="0">
  <testcase name="getPlacesOfInterest" time="41.253" classname="selenium.DelhiToJaipur"/>
</testsuite> <!-- selenium.DelhiToJaipur -->
